This is pdfTeX, Version 3.141592653-2.6-1.40.23 (TeX Live 2021/W32TeX) (preloaded format=pdflatex 2021.9.19)  1 NOV 2021 04:13
entering extended mode
 restricted \write18 enabled.
 %&-line parsing enabled.
**C:/Users/jimmy/AppData/Local/Temp/RtmpCg4pv5/preview-492821fe3418.dir/project
-report.tex

(c:/Users/jimmy/AppData/Local/Temp/RtmpCg4pv5/preview-492821fe3418.dir/project-
report.tex
LaTeX2e <2021-06-01> patch level 1
L3 programming layer <2021-08-27> (c:/Users/jimmy/AppData/Roaming/TinyTeX/texmf
-dist/tex/latex/base/article.cls
Document Class: article 2021/02/12 v1.4n Standard LaTeX document class
(c:/Users/jimmy/AppData/Roaming/TinyTeX/texmf-dist/tex/latex/base/size10.clo
File: size10.clo 2021/02/12 v1.4n Standard LaTeX file (size option)
)
\c@part=\count182
\c@section=\count183
\c@subsection=\count184
\c@subsubsection=\count185
\c@paragraph=\count186
\c@subparagraph=\count187
\c@figure=\count188
\c@table=\count189
\abovecaptionskip=\skip47
\belowcaptionskip=\skip48
\bibindent=\dimen138
)
(c:/Users/jimmy/AppData/Roaming/TinyTeX/texmf-dist/tex/latex/amsmath/amsmath.st
y
Package: amsmath 2021/04/20 v2.17j AMS math features
\@mathmargin=\skip49
For additional information on amsmath, use the `?' option.

(c:/Users/jimmy/AppData/Roaming/TinyTeX/texmf-dist/tex/latex/amsmath/amstext.st
y
Package: amstext 2000/06/29 v2.01 AMS text

(c:/Users/jimmy/AppData/Roaming/TinyTeX/texmf-dist/tex/latex/amsmath/amsgen.sty
File: amsgen.sty 1999/11/30 v2.0 generic functions
\@emptytoks=\toks16
\ex@=\dimen139
))
(c:/Users/jimmy/AppData/Roaming/TinyTeX/texmf-dist/tex/latex/amsmath/amsbsy.sty
Package: amsbsy 1999/11/29 v1.2d Bold Symbols
\pmbraise@=\dimen140
)
(c:/Users/jimmy/AppData/Roaming/TinyTeX/texmf-dist/tex/latex/amsmath/amsopn.sty
Package: amsopn 2016/03/08 v2.02 operator names
)
\inf@bad=\count190
LaTeX Info: Redefining \frac on input line 234.
\uproot@=\count191
\leftroot@=\count192
LaTeX Info: Redefining \overline on input line 399.
\classnum@=\count193
\DOTSCASE@=\count194
LaTeX Info: Redefining \ldots on input line 496.
LaTeX Info: Redefining \dots on input line 499.
LaTeX Info: Redefining \cdots on input line 620.
\Mathstrutbox@=\box50
\strutbox@=\box51
\big@size=\dimen141
LaTeX Font Info:    Redeclaring font encoding OML on input line 743.
LaTeX Font Info:    Redeclaring font encoding OMS on input line 744.
\macc@depth=\count195
\c@MaxMatrixCols=\count196
\dotsspace@=\muskip16
\c@parentequation=\count197
\dspbrk@lvl=\count198
\tag@help=\toks17
\row@=\count199
\column@=\count266
\maxfields@=\count267
\andhelp@=\toks18
\eqnshift@=\dimen142
\alignsep@=\dimen143
\tagshift@=\dimen144
\tagwidth@=\dimen145
\totwidth@=\dimen146
\lineht@=\dimen147
\@envbody=\toks19
\multlinegap=\skip50
\multlinetaggap=\skip51
\mathdisplay@stack=\toks20
LaTeX Info: Redefining \[ on input line 2923.
LaTeX Info: Redefining \] on input line 2924.
)
(c:/Users/jimmy/AppData/Roaming/TinyTeX/texmf-dist/tex/latex/amsfonts/amssymb.s
ty
Package: amssymb 2013/01/14 v3.01 AMS font symbols

(c:/Users/jimmy/AppData/Roaming/TinyTeX/texmf-dist/tex/latex/amsfonts/amsfonts.
sty
Package: amsfonts 2013/01/14 v3.01 Basic AMSFonts support
\symAMSa=\mathgroup4
\symAMSb=\mathgroup5
LaTeX Font Info:    Redeclaring math symbol \hbar on input line 98.
LaTeX Font Info:    Overwriting math alphabet `\mathfrak' in version `bold'
(Font)                  U/euf/m/n --> U/euf/b/n on input line 106.
)) (c:/Users/jimmy/AppData/Roaming/TinyTeX/texmf-dist/tex/latex/lm/lmodern.sty
Package: lmodern 2015/05/01 v1.6.1 Latin Modern Fonts
LaTeX Font Info:    Overwriting symbol font `operators' in version `normal'
(Font)                  OT1/cmr/m/n --> OT1/lmr/m/n on input line 22.
LaTeX Font Info:    Overwriting symbol font `letters' in version `normal'
(Font)                  OML/cmm/m/it --> OML/lmm/m/it on input line 23.
LaTeX Font Info:    Overwriting symbol font `symbols' in version `normal'
(Font)                  OMS/cmsy/m/n --> OMS/lmsy/m/n on input line 24.
LaTeX Font Info:    Overwriting symbol font `largesymbols' in version `normal'
(Font)                  OMX/cmex/m/n --> OMX/lmex/m/n on input line 25.
LaTeX Font Info:    Overwriting symbol font `operators' in version `bold'
(Font)                  OT1/cmr/bx/n --> OT1/lmr/bx/n on input line 26.
LaTeX Font Info:    Overwriting symbol font `letters' in version `bold'
(Font)                  OML/cmm/b/it --> OML/lmm/b/it on input line 27.
LaTeX Font Info:    Overwriting symbol font `symbols' in version `bold'
(Font)                  OMS/cmsy/b/n --> OMS/lmsy/b/n on input line 28.
LaTeX Font Info:    Overwriting symbol font `largesymbols' in version `bold'
(Font)                  OMX/cmex/m/n --> OMX/lmex/m/n on input line 29.
LaTeX Font Info:    Overwriting math alphabet `\mathbf' in version `normal'
(Font)                  OT1/cmr/bx/n --> OT1/lmr/bx/n on input line 31.
LaTeX Font Info:    Overwriting math alphabet `\mathsf' in version `normal'
(Font)                  OT1/cmss/m/n --> OT1/lmss/m/n on input line 32.
LaTeX Font Info:    Overwriting math alphabet `\mathit' in version `normal'
(Font)                  OT1/cmr/m/it --> OT1/lmr/m/it on input line 33.
LaTeX Font Info:    Overwriting math alphabet `\mathtt' in version `normal'
(Font)                  OT1/cmtt/m/n --> OT1/lmtt/m/n on input line 34.
LaTeX Font Info:    Overwriting math alphabet `\mathbf' in version `bold'
(Font)                  OT1/cmr/bx/n --> OT1/lmr/bx/n on input line 35.
LaTeX Font Info:    Overwriting math alphabet `\mathsf' in version `bold'
(Font)                  OT1/cmss/bx/n --> OT1/lmss/bx/n on input line 36.
LaTeX Font Info:    Overwriting math alphabet `\mathit' in version `bold'
(Font)                  OT1/cmr/bx/it --> OT1/lmr/bx/it on input line 37.
LaTeX Font Info:    Overwriting math alphabet `\mathtt' in version `bold'
(Font)                  OT1/cmtt/m/n --> OT1/lmtt/m/n on input line 38.
) (c:/Users/jimmy/AppData/Roaming/TinyTeX/texmf-dist/tex/generic/iftex/iftex.st
y
Package: iftex 2020/03/06 v1.0d TeX engine tests
) (c:/Users/jimmy/AppData/Roaming/TinyTeX/texmf-dist/tex/latex/base/fontenc.sty
Package: fontenc 2021/04/29 v2.0v Standard LaTeX package
LaTeX Font Info:    Trying to load font information for T1+lmr on input line 11
2.
(c:/Users/jimmy/AppData/Roaming/TinyTeX/texmf-dist/tex/latex/lm/t1lmr.fd
File: t1lmr.fd 2015/05/01 v1.6.1 Font defs for Latin Modern
)) (c:/Users/jimmy/AppData/Roaming/TinyTeX/texmf-dist/tex/latex/base/inputenc.s
ty
Package: inputenc 2021/02/14 v1.3d Input encoding file
\inpenc@prehook=\toks21
\inpenc@posthook=\toks22
) (c:/Users/jimmy/AppData/Roaming/TinyTeX/texmf-dist/tex/latex/base/textcomp.st
y
Package: textcomp 2020/02/02 v2.0n Standard LaTeX package
) (c:/Users/jimmy/AppData/Roaming/TinyTeX/texmf-dist/tex/latex/xcolor/xcolor.st
y
Package: xcolor 2016/05/11 v2.12 LaTeX color extensions (UK)

(c:/Users/jimmy/AppData/Roaming/TinyTeX/texmf-dist/tex/latex/graphics-cfg/color
.cfg
File: color.cfg 2016/01/02 v1.6 sample color configuration
)
Package xcolor Info: Driver file: pdftex.def on input line 225.

(c:/Users/jimmy/AppData/Roaming/TinyTeX/texmf-dist/tex/latex/graphics-def/pdfte
x.def
File: pdftex.def 2020/10/05 v1.2a Graphics/color driver for pdftex
)
Package xcolor Info: Model `cmy' substituted by `cmy0' on input line 1348.
Package xcolor Info: Model `hsb' substituted by `rgb' on input line 1352.
Package xcolor Info: Model `RGB' extended on input line 1364.
Package xcolor Info: Model `HTML' substituted by `rgb' on input line 1366.
Package xcolor Info: Model `Hsb' substituted by `hsb' on input line 1367.
Package xcolor Info: Model `tHsb' substituted by `hsb' on input line 1368.
Package xcolor Info: Model `HSB' substituted by `hsb' on input line 1369.
Package xcolor Info: Model `Gray' substituted by `gray' on input line 1370.
Package xcolor Info: Model `wave' substituted by `hsb' on input line 1371.
)
(c:/Users/jimmy/AppData/Roaming/TinyTeX/texmf-dist/tex/latex/hyperref/hyperref.
sty
Package: hyperref 2021-06-07 v7.00m Hypertext links for LaTeX

(c:/Users/jimmy/AppData/Roaming/TinyTeX/texmf-dist/tex/generic/ltxcmds/ltxcmds.
sty
Package: ltxcmds 2020-05-10 v1.25 LaTeX kernel commands for general use (HO)
)
(c:/Users/jimmy/AppData/Roaming/TinyTeX/texmf-dist/tex/generic/pdftexcmds/pdfte
xcmds.sty
Package: pdftexcmds 2020-06-27 v0.33 Utility functions of pdfTeX for LuaTeX (HO
)

(c:/Users/jimmy/AppData/Roaming/TinyTeX/texmf-dist/tex/generic/infwarerr/infwar
err.sty
Package: infwarerr 2019/12/03 v1.5 Providing info/warning/error messages (HO)
)
Package pdftexcmds Info: \pdf@primitive is available.
Package pdftexcmds Info: \pdf@ifprimitive is available.
Package pdftexcmds Info: \pdfdraftmode found.
)
(c:/Users/jimmy/AppData/Roaming/TinyTeX/texmf-dist/tex/latex/graphics/keyval.st
y
Package: keyval 2014/10/28 v1.15 key=value parser (DPC)
\KV@toks@=\toks23
)
(c:/Users/jimmy/AppData/Roaming/TinyTeX/texmf-dist/tex/generic/kvsetkeys/kvsetk
eys.sty
Package: kvsetkeys 2019/12/15 v1.18 Key value parser (HO)
)
(c:/Users/jimmy/AppData/Roaming/TinyTeX/texmf-dist/tex/generic/kvdefinekeys/kvd
efinekeys.sty
Package: kvdefinekeys 2019-12-19 v1.6 Define keys (HO)
)
(c:/Users/jimmy/AppData/Roaming/TinyTeX/texmf-dist/tex/generic/pdfescape/pdfesc
ape.sty
Package: pdfescape 2019/12/09 v1.15 Implements pdfTeX's escape features (HO)
)
(c:/Users/jimmy/AppData/Roaming/TinyTeX/texmf-dist/tex/latex/hycolor/hycolor.st
y
Package: hycolor 2020-01-27 v1.10 Color options for hyperref/bookmark (HO)
)
(c:/Users/jimmy/AppData/Roaming/TinyTeX/texmf-dist/tex/latex/letltxmacro/letltx
macro.sty
Package: letltxmacro 2019/12/03 v1.6 Let assignment for LaTeX macros (HO)
)
(c:/Users/jimmy/AppData/Roaming/TinyTeX/texmf-dist/tex/latex/auxhook/auxhook.st
y
Package: auxhook 2019-12-17 v1.6 Hooks for auxiliary files (HO)
)
(c:/Users/jimmy/AppData/Roaming/TinyTeX/texmf-dist/tex/latex/kvoptions/kvoption
s.sty
Package: kvoptions 2020-10-07 v3.14 Key value format for package options (HO)
)
\@linkdim=\dimen148
\Hy@linkcounter=\count268
\Hy@pagecounter=\count269

(c:/Users/jimmy/AppData/Roaming/TinyTeX/texmf-dist/tex/latex/hyperref/pd1enc.de
f
File: pd1enc.def 2021-06-07 v7.00m Hyperref: PDFDocEncoding definition (HO)
Now handling font encoding PD1 ...
... no UTF-8 mapping file for font encoding PD1
)
(c:/Users/jimmy/AppData/Roaming/TinyTeX/texmf-dist/tex/latex/hyperref/hyperref-
langpatches.def
File: hyperref-langpatches.def 2021-06-07 v7.00m Hyperref: patches for babel la
nguages
)
(c:/Users/jimmy/AppData/Roaming/TinyTeX/texmf-dist/tex/generic/intcalc/intcalc.
sty
Package: intcalc 2019/12/15 v1.3 Expandable calculations with integers (HO)
)
(c:/Users/jimmy/AppData/Roaming/TinyTeX/texmf-dist/tex/generic/etexcmds/etexcmd
s.sty
Package: etexcmds 2019/12/15 v1.7 Avoid name clashes with e-TeX commands (HO)
)
\Hy@SavedSpaceFactor=\count270

(c:/Users/jimmy/AppData/Roaming/TinyTeX/texmf-dist/tex/latex/hyperref/puenc.def
File: puenc.def 2021-06-07 v7.00m Hyperref: PDF Unicode definition (HO)
Now handling font encoding PU ...
... no UTF-8 mapping file for font encoding PU
)
Package hyperref Info: Option `unicode' set `true' on input line 4073.
Package hyperref Info: Hyper figures OFF on input line 4192.
Package hyperref Info: Link nesting OFF on input line 4197.
Package hyperref Info: Hyper index ON on input line 4200.
Package hyperref Info: Plain pages OFF on input line 4207.
Package hyperref Info: Backreferencing OFF on input line 4212.
Package hyperref Info: Implicit mode ON; LaTeX internals redefined.
Package hyperref Info: Bookmarks ON on input line 4445.
\c@Hy@tempcnt=\count271
(c:/Users/jimmy/AppData/Roaming/TinyTeX/texmf-dist/tex/latex/url/url.sty
\Urlmuskip=\muskip17
Package: url 2013/09/16  ver 3.4  Verb mode for urls, etc.
)
LaTeX Info: Redefining \url on input line 4804.
\XeTeXLinkMargin=\dimen149

(c:/Users/jimmy/AppData/Roaming/TinyTeX/texmf-dist/tex/generic/bitset/bitset.st
y
Package: bitset 2019/12/09 v1.3 Handle bit-vector datatype (HO)

(c:/Users/jimmy/AppData/Roaming/TinyTeX/texmf-dist/tex/generic/bigintcalc/bigin
tcalc.sty
Package: bigintcalc 2019/12/15 v1.5 Expandable calculations on big integers (HO
)
))
\Fld@menulength=\count272
\Field@Width=\dimen150
\Fld@charsize=\dimen151
Package hyperref Info: Hyper figures OFF on input line 6076.
Package hyperref Info: Link nesting OFF on input line 6081.
Package hyperref Info: Hyper index ON on input line 6084.
Package hyperref Info: backreferencing OFF on input line 6091.
Package hyperref Info: Link coloring OFF on input line 6096.
Package hyperref Info: Link coloring with OCG OFF on input line 6101.
Package hyperref Info: PDF/A mode OFF on input line 6106.
LaTeX Info: Redefining \ref on input line 6146.
LaTeX Info: Redefining \pageref on input line 6150.

(c:/Users/jimmy/AppData/Roaming/TinyTeX/texmf-dist/tex/latex/base/atbegshi-ltx.
sty
Package: atbegshi-ltx 2021/01/10 v1.0c Emulation of the original atbegshi
package with kernel methods
)
\Hy@abspage=\count273
\c@Item=\count274
\c@Hfootnote=\count275
)
Package hyperref Info: Driver (autodetected): hpdftex.

(c:/Users/jimmy/AppData/Roaming/TinyTeX/texmf-dist/tex/latex/hyperref/hpdftex.d
ef
File: hpdftex.def 2021-06-07 v7.00m Hyperref driver for pdfTeX

(c:/Users/jimmy/AppData/Roaming/TinyTeX/texmf-dist/tex/latex/base/atveryend-ltx
.sty
Package: atveryend-ltx 2020/08/19 v1.0a Emulation of the original atvery packag
e
with kernel methods
)
\Fld@listcount=\count276
\c@bookmark@seq@number=\count277

(c:/Users/jimmy/AppData/Roaming/TinyTeX/texmf-dist/tex/latex/rerunfilecheck/rer
unfilecheck.sty
Package: rerunfilecheck 2019/12/05 v1.9 Rerun checks for auxiliary files (HO)

(c:/Users/jimmy/AppData/Roaming/TinyTeX/texmf-dist/tex/generic/uniquecounter/un
iquecounter.sty
Package: uniquecounter 2019/12/15 v1.4 Provide unlimited unique counter (HO)
)
Package uniquecounter Info: New unique counter `rerunfilecheck' on input line 2
86.
)
\Hy@SectionHShift=\skip52
)
(c:/Users/jimmy/AppData/Roaming/TinyTeX/texmf-dist/tex/latex/geometry/geometry.
sty
Package: geometry 2020/01/02 v5.9 Page Geometry

(c:/Users/jimmy/AppData/Roaming/TinyTeX/texmf-dist/tex/generic/iftex/ifvtex.sty
Package: ifvtex 2019/10/25 v1.7 ifvtex legacy package. Use iftex instead.
)
\Gm@cnth=\count278
\Gm@cntv=\count279
\c@Gm@tempcnt=\count280
\Gm@bindingoffset=\dimen152
\Gm@wd@mp=\dimen153
\Gm@odd@mp=\dimen154
\Gm@even@mp=\dimen155
\Gm@layoutwidth=\dimen156
\Gm@layoutheight=\dimen157
\Gm@layouthoffset=\dimen158
\Gm@layoutvoffset=\dimen159
\Gm@dimlist=\toks24
)
(c:/Users/jimmy/AppData/Roaming/TinyTeX/texmf-dist/tex/latex/tools/longtable.st
y
Package: longtable 2021-05-07 v4.16 Multi-page Table package (DPC)
\LTleft=\skip53
\LTright=\skip54
\LTpre=\skip55
\LTpost=\skip56
\LTchunksize=\count281
\LTcapwidth=\dimen160
\LT@head=\box52
\LT@firsthead=\box53
\LT@foot=\box54
\LT@lastfoot=\box55
\LT@gbox=\box56
\LT@cols=\count282
\LT@rows=\count283
\c@LT@tables=\count284
\c@LT@chunks=\count285
\LT@p@ftn=\toks25
)
(c:/Users/jimmy/AppData/Roaming/TinyTeX/texmf-dist/tex/latex/booktabs/booktabs.
sty
Package: booktabs 2020/01/12 v1.61803398 Publication quality tables
\heavyrulewidth=\dimen161
\lightrulewidth=\dimen162
\cmidrulewidth=\dimen163
\belowrulesep=\dimen164
\belowbottomsep=\dimen165
\aboverulesep=\dimen166
\abovetopsep=\dimen167
\cmidrulesep=\dimen168
\cmidrulekern=\dimen169
\defaultaddspace=\dimen170
\@cmidla=\count286
\@cmidlb=\count287
\@aboverulesep=\dimen171
\@belowrulesep=\dimen172
\@thisruleclass=\count288
\@lastruleclass=\count289
\@thisrulewidth=\dimen173
) (c:/Users/jimmy/AppData/Roaming/TinyTeX/texmf-dist/tex/latex/tools/array.sty
Package: array 2021/04/20 v2.5e Tabular extension package (FMi)
\col@sep=\dimen174
\ar@mcellbox=\box57
\extrarowheight=\dimen175
\NC@list=\toks26
\extratabsurround=\skip57
\backup@length=\skip58
\ar@cellbox=\box58
) (c:/Users/jimmy/AppData/Roaming/TinyTeX/texmf-dist/tex/latex/tools/calc.sty
Package: calc 2017/05/25 v4.3 Infix arithmetic (KKT,FJ)
\calc@Acount=\count290
\calc@Bcount=\count291
\calc@Adimen=\dimen176
\calc@Bdimen=\dimen177
\calc@Askip=\skip59
\calc@Bskip=\skip60
LaTeX Info: Redefining \setlength on input line 80.
LaTeX Info: Redefining \addtolength on input line 81.
\calc@Ccount=\count292
\calc@Cskip=\skip61
)
(c:/Users/jimmy/AppData/Roaming/TinyTeX/texmf-dist/tex/latex/etoolbox/etoolbox.
sty
Package: etoolbox 2020/10/05 v2.5k e-TeX tools for LaTeX (JAW)
\etb@tempcnta=\count293
)
(c:/Users/jimmy/AppData/Roaming/TinyTeX/texmf-dist/tex/latex/mdwtools/footnote.
sty
Package: footnote 1997/01/28 1.13 Save footnotes around boxes
\fn@notes=\box59
\fn@width=\dimen178
)
(c:/Users/jimmy/AppData/Roaming/TinyTeX/texmf-dist/tex/latex/graphics/graphicx.
sty
Package: graphicx 2020/12/05 v1.2c Enhanced LaTeX Graphics (DPC,SPQR)

(c:/Users/jimmy/AppData/Roaming/TinyTeX/texmf-dist/tex/latex/graphics/graphics.
sty
Package: graphics 2021/03/04 v1.4d Standard LaTeX Graphics (DPC,SPQR)
(c:/Users/jimmy/AppData/Roaming/TinyTeX/texmf-dist/tex/latex/graphics/trig.sty
Package: trig 2016/01/03 v1.10 sin cos tan (DPC)
)
(c:/Users/jimmy/AppData/Roaming/TinyTeX/texmf-dist/tex/latex/graphics-cfg/graph
ics.cfg
File: graphics.cfg 2016/06/04 v1.11 sample graphics configuration
)
Package graphics Info: Driver file: pdftex.def on input line 107.
)
\Gin@req@height=\dimen179
\Gin@req@width=\dimen180
)
\cslhangindent=\skip62
\csllabelwidth=\skip63
\cslentryspacingunit=\skip64

(c:/Users/jimmy/AppData/Roaming/TinyTeX/texmf-dist/tex/latex/l3backend/l3backen
d-pdftex.def
File: l3backend-pdftex.def 2021-08-04 L3 backend support: PDF output (pdfTeX)
\l__color_backend_stack_int=\count294
\l__pdf_internal_box=\box60
) (./project-report.aux)
\openout1 = `project-report.aux'.

LaTeX Font Info:    Checking defaults for OML/cmm/m/it on input line 103.
LaTeX Font Info:    ... okay on input line 103.
LaTeX Font Info:    Checking defaults for OMS/cmsy/m/n on input line 103.
LaTeX Font Info:    ... okay on input line 103.
LaTeX Font Info:    Checking defaults for OT1/cmr/m/n on input line 103.
LaTeX Font Info:    ... okay on input line 103.
LaTeX Font Info:    Checking defaults for T1/cmr/m/n on input line 103.
LaTeX Font Info:    ... okay on input line 103.
LaTeX Font Info:    Checking defaults for TS1/cmr/m/n on input line 103.
LaTeX Font Info:    ... okay on input line 103.
LaTeX Font Info:    Checking defaults for OMX/cmex/m/n on input line 103.
LaTeX Font Info:    ... okay on input line 103.
LaTeX Font Info:    Checking defaults for U/cmr/m/n on input line 103.
LaTeX Font Info:    ... okay on input line 103.
LaTeX Font Info:    Checking defaults for PD1/pdf/m/n on input line 103.
LaTeX Font Info:    ... okay on input line 103.
LaTeX Font Info:    Checking defaults for PU/pdf/m/n on input line 103.
LaTeX Font Info:    ... okay on input line 103.

(c:/Users/jimmy/AppData/Roaming/TinyTeX/texmf-dist/tex/latex/epstopdf-pkg/epsto
pdf-base.sty
Package: epstopdf-base 2020-01-24 v2.11 Base part for package epstopdf
Package epstopdf-base Info: Redefining graphics rule for `.eps' on input line 4
85.

(c:/Users/jimmy/AppData/Roaming/TinyTeX/texmf-dist/tex/latex/latexconfig/epstop
df-sys.cfg
File: epstopdf-sys.cfg 2010/07/13 v1.3 Configuration of (r)epstopdf for TeX Liv
e
))
Package hyperref Info: Link coloring OFF on input line 103.

(c:/Users/jimmy/AppData/Roaming/TinyTeX/texmf-dist/tex/latex/hyperref/nameref.s
ty
Package: nameref 2021-04-02 v2.47 Cross-referencing by name of section

(c:/Users/jimmy/AppData/Roaming/TinyTeX/texmf-dist/tex/latex/refcount/refcount.
sty
Package: refcount 2019/12/15 v3.6 Data extraction from label references (HO)
)
(c:/Users/jimmy/AppData/Roaming/TinyTeX/texmf-dist/tex/generic/gettitlestring/g
ettitlestring.sty
Package: gettitlestring 2019/12/15 v1.6 Cleanup title references (HO)
)
\c@section@level=\count295
)
LaTeX Info: Redefining \ref on input line 103.
LaTeX Info: Redefining \pageref on input line 103.
LaTeX Info: Redefining \nameref on input line 103.
(./project-report.out) (./project-report.out)
\@outlinefile=\write3
\openout3 = `project-report.out'.

*geometry* driver: auto-detecting
*geometry* detected driver: pdftex
*geometry* verbose mode - [ preamble ] result:
* driver: pdftex
* paper: <default>
* layout: <same size as paper>
* layoutoffset:(h,v)=(0.0pt,0.0pt)
* modes: 
* h-part:(L,W,R)=(72.26999pt, 469.75502pt, 72.26999pt)
* v-part:(T,H,B)=(72.26999pt, 650.43001pt, 72.26999pt)
* \paperwidth=614.295pt
* \paperheight=794.96999pt
* \textwidth=469.75502pt
* \textheight=650.43001pt
* \oddsidemargin=0.0pt
* \evensidemargin=0.0pt
* \topmargin=-37.0pt
* \headheight=12.0pt
* \headsep=25.0pt
* \topskip=10.0pt
* \footskip=30.0pt
* \marginparwidth=65.0pt
* \marginparsep=11.0pt
* \columnsep=10.0pt
* \skip\footins=9.0pt plus 4.0pt minus 2.0pt
* \hoffset=0.0pt
* \voffset=0.0pt
* \mag=1000
* \@twocolumnfalse
* \@twosidefalse
* \@mparswitchfalse
* \@reversemarginfalse
* (1in=72.27pt=25.4mm, 1cm=28.453pt)

LaTeX Font Info:    Trying to load font information for OT1+lmr on input line 1
05.
(c:/Users/jimmy/AppData/Roaming/TinyTeX/texmf-dist/tex/latex/lm/ot1lmr.fd
File: ot1lmr.fd 2015/05/01 v1.6.1 Font defs for Latin Modern
)
LaTeX Font Info:    Trying to load font information for OML+lmm on input line 1
05.
(c:/Users/jimmy/AppData/Roaming/TinyTeX/texmf-dist/tex/latex/lm/omllmm.fd
File: omllmm.fd 2015/05/01 v1.6.1 Font defs for Latin Modern
)
LaTeX Font Info:    Trying to load font information for OMS+lmsy on input line 
105.
(c:/Users/jimmy/AppData/Roaming/TinyTeX/texmf-dist/tex/latex/lm/omslmsy.fd
File: omslmsy.fd 2015/05/01 v1.6.1 Font defs for Latin Modern
)
LaTeX Font Info:    Trying to load font information for OMX+lmex on input line 
105.
(c:/Users/jimmy/AppData/Roaming/TinyTeX/texmf-dist/tex/latex/lm/omxlmex.fd
File: omxlmex.fd 2015/05/01 v1.6.1 Font defs for Latin Modern
)
LaTeX Font Info:    External font `lmex10' loaded for size
(Font)              <12> on input line 105.
LaTeX Font Info:    External font `lmex10' loaded for size
(Font)              <8> on input line 105.
LaTeX Font Info:    External font `lmex10' loaded for size
(Font)              <6> on input line 105.
LaTeX Font Info:    Trying to load font information for U+msa on input line 105
.
(c:/Users/jimmy/AppData/Roaming/TinyTeX/texmf-dist/tex/latex/amsfonts/umsa.fd
File: umsa.fd 2013/01/14 v3.01 AMS symbols A
)
LaTeX Font Info:    Trying to load font information for U+msb on input line 105
.
(c:/Users/jimmy/AppData/Roaming/TinyTeX/texmf-dist/tex/latex/amsfonts/umsb.fd
File: umsb.fd 2013/01/14 v3.01 AMS symbols B
) (./project-report.toc
LaTeX Font Info:    External font `lmex10' loaded for size
(Font)              <10> on input line 3.
LaTeX Font Info:    External font `lmex10' loaded for size
(Font)              <7> on input line 3.
LaTeX Font Info:    External font `lmex10' loaded for size
(Font)              <5> on input line 3.
)
\tf@toc=\write4
\openout4 = `project-report.toc'.

[1

{c:/Users/jimmy/AppData/Roaming/TinyTeX/texmf-var/fonts/map/pdftex/updmap/pdfte
x.map}]
LaTeX Font Info:    Trying to load font information for T1+lmtt on input line 1
29.
(c:/Users/jimmy/AppData/Roaming/TinyTeX/texmf-dist/tex/latex/lm/t1lmtt.fd
File: t1lmtt.fd 2015/05/01 v1.6.1 Font defs for Latin Modern
)
LaTeX Font Info:    Trying to load font information for TS1+lmr on input line 1
46.
(c:/Users/jimmy/AppData/Roaming/TinyTeX/texmf-dist/tex/latex/lm/ts1lmr.fd
File: ts1lmr.fd 2015/05/01 v1.6.1 Font defs for Latin Modern
) [2] [3]
<C:/Users/jimmy/AppData/Local/Temp/RtmpCg4pv5/preview-492821fe3418.dir/project-
report_files/figure-latex/scatter-grey-1.pdf, id=106, 361.35pt x 361.35pt>
File: C:/Users/jimmy/AppData/Local/Temp/RtmpCg4pv5/preview-492821fe3418.dir/pro
ject-report_files/figure-latex/scatter-grey-1.pdf Graphic file (type pdf)
<use C:/Users/jimmy/AppData/Local/Temp/RtmpCg4pv5/preview-492821fe3418.dir/proj
ect-report_files/figure-latex/scatter-grey-1.pdf>
Package pdftex.def Info: C:/Users/jimmy/AppData/Local/Temp/RtmpCg4pv5/preview-4
92821fe3418.dir/project-report_files/figure-latex/scatter-grey-1.pdf  used on i
nput line 286.
(pdftex.def)             Requested size: 361.34912pt x 361.34912pt.
<C:/Users/jimmy/AppData/Local/Temp/RtmpCg4pv5/preview-492821fe3418.dir/project-
report_files/figure-latex/seagull-scatter-1.pdf, id=108, 361.35pt x 361.35pt>
File: C:/Users/jimmy/AppData/Local/Temp/RtmpCg4pv5/preview-492821fe3418.dir/pro
ject-report_files/figure-latex/seagull-scatter-1.pdf Graphic file (type pdf)
<use C:/Users/jimmy/AppData/Local/Temp/RtmpCg4pv5/preview-492821fe3418.dir/proj
ect-report_files/figure-latex/seagull-scatter-1.pdf>
Package pdftex.def Info: C:/Users/jimmy/AppData/Local/Temp/RtmpCg4pv5/preview-4
92821fe3418.dir/project-report_files/figure-latex/seagull-scatter-1.pdf  used o
n input line 311.
(pdftex.def)             Requested size: 361.34912pt x 361.34912pt.
[4 <c:/Users/jimmy/AppData/Local/Temp/RtmpCg4pv5/preview-492821fe3418.dir/proje
ct-report_files/figure-latex/scatter-grey-1.pdf>]
<C:/Users/jimmy/AppData/Local/Temp/RtmpCg4pv5/preview-492821fe3418.dir/project-
report_files/figure-latex/wombat-scatter-1.pdf, id=122, 361.35pt x 361.35pt>
File: C:/Users/jimmy/AppData/Local/Temp/RtmpCg4pv5/preview-492821fe3418.dir/pro
ject-report_files/figure-latex/wombat-scatter-1.pdf Graphic file (type pdf)
<use C:/Users/jimmy/AppData/Local/Temp/RtmpCg4pv5/preview-492821fe3418.dir/proj
ect-report_files/figure-latex/wombat-scatter-1.pdf>
Package pdftex.def Info: C:/Users/jimmy/AppData/Local/Temp/RtmpCg4pv5/preview-4
92821fe3418.dir/project-report_files/figure-latex/wombat-scatter-1.pdf  used on
 input line 330.
(pdftex.def)             Requested size: 361.34912pt x 361.34912pt.
[5 <c:/Users/jimmy/AppData/Local/Temp/RtmpCg4pv5/preview-492821fe3418.dir/proje
ct-report_files/figure-latex/seagull-scatter-1.pdf>] [6 <c:/Users/jimmy/AppData
/Local/Temp/RtmpCg4pv5/preview-492821fe3418.dir/project-report_files/figure-lat
ex/wombat-scatter-1.pdf>]
<C:/Users/jimmy/AppData/Local/Temp/RtmpCg4pv5/preview-492821fe3418.dir/project-
report_files/figure-latex/theme-comparison-1.pdf, id=149, 794.97pt x 1011.78pt>

File: C:/Users/jimmy/AppData/Local/Temp/RtmpCg4pv5/preview-492821fe3418.dir/pro
ject-report_files/figure-latex/theme-comparison-1.pdf Graphic file (type pdf)
<use C:/Users/jimmy/AppData/Local/Temp/RtmpCg4pv5/preview-492821fe3418.dir/proj
ect-report_files/figure-latex/theme-comparison-1.pdf>
Package pdftex.def Info: C:/Users/jimmy/AppData/Local/Temp/RtmpCg4pv5/preview-4
92821fe3418.dir/project-report_files/figure-latex/theme-comparison-1.pdf  used 
on input line 350.
(pdftex.def)             Requested size: 469.76819pt x 597.88678pt.
[7] [8 <c:/Users/jimmy/AppData/Local/Temp/RtmpCg4pv5/preview-492821fe3418.dir/p
roject-report_files/figure-latex/theme-comparison-1.pdf>]
<C:/Users/jimmy/AppData/Local/Temp/RtmpCg4pv5/preview-492821fe3418.dir/project-
report_files/figure-latex/pop-out-1.pdf, id=172, 469.755pt x 325.215pt>
File: C:/Users/jimmy/AppData/Local/Temp/RtmpCg4pv5/preview-492821fe3418.dir/pro
ject-report_files/figure-latex/pop-out-1.pdf Graphic file (type pdf)
<use C:/Users/jimmy/AppData/Local/Temp/RtmpCg4pv5/preview-492821fe3418.dir/proj
ect-report_files/figure-latex/pop-out-1.pdf>
Package pdftex.def Info: C:/Users/jimmy/AppData/Local/Temp/RtmpCg4pv5/preview-4
92821fe3418.dir/project-report_files/figure-latex/pop-out-1.pdf  used on input 
line 412.
(pdftex.def)             Requested size: 469.75386pt x 325.2142pt.
[9 <c:/Users/jimmy/AppData/Local/Temp/RtmpCg4pv5/preview-492821fe3418.dir/proje
ct-report_files/figure-latex/pop-out-1.pdf>] [10]
<C:/Users/jimmy/AppData/Local/Temp/RtmpCg4pv5/preview-492821fe3418.dir/project-
report_files/figure-latex/qualitative-1.pdf, id=200, 469.755pt x 325.215pt>
File: C:/Users/jimmy/AppData/Local/Temp/RtmpCg4pv5/preview-492821fe3418.dir/pro
ject-report_files/figure-latex/qualitative-1.pdf Graphic file (type pdf)
<use C:/Users/jimmy/AppData/Local/Temp/RtmpCg4pv5/preview-492821fe3418.dir/proj
ect-report_files/figure-latex/qualitative-1.pdf>
Package pdftex.def Info: C:/Users/jimmy/AppData/Local/Temp/RtmpCg4pv5/preview-4
92821fe3418.dir/project-report_files/figure-latex/qualitative-1.pdf  used on in
put line 552.
(pdftex.def)             Requested size: 469.75386pt x 325.2142pt.
[11]

LaTeX Warning: Reference `fig:qualitative' on page 12 undefined on input line 5
59.

<C:/Users/jimmy/AppData/Local/Temp/RtmpCg4pv5/preview-492821fe3418.dir/project-
report_files/figure-latex/quokka-1.pdf, id=210, 469.755pt x 325.215pt>
File: C:/Users/jimmy/AppData/Local/Temp/RtmpCg4pv5/preview-492821fe3418.dir/pro
ject-report_files/figure-latex/quokka-1.pdf Graphic file (type pdf)
<use C:/Users/jimmy/AppData/Local/Temp/RtmpCg4pv5/preview-492821fe3418.dir/proj
ect-report_files/figure-latex/quokka-1.pdf>
Package pdftex.def Info: C:/Users/jimmy/AppData/Local/Temp/RtmpCg4pv5/preview-4
92821fe3418.dir/project-report_files/figure-latex/quokka-1.pdf  used on input l
ine 566.
(pdftex.def)             Requested size: 469.75386pt x 325.2142pt.
[12 <c:/Users/jimmy/AppData/Local/Temp/RtmpCg4pv5/preview-492821fe3418.dir/proj
ect-report_files/figure-latex/qualitative-1.pdf>]
<C:/Users/jimmy/AppData/Local/Temp/RtmpCg4pv5/preview-492821fe3418.dir/project-
report_files/figure-latex/quoll-1.pdf, id=221, 469.755pt x 325.215pt>
File: C:/Users/jimmy/AppData/Local/Temp/RtmpCg4pv5/preview-492821fe3418.dir/pro
ject-report_files/figure-latex/quoll-1.pdf Graphic file (type pdf)
<use C:/Users/jimmy/AppData/Local/Temp/RtmpCg4pv5/preview-492821fe3418.dir/proj
ect-report_files/figure-latex/quoll-1.pdf>
Package pdftex.def Info: C:/Users/jimmy/AppData/Local/Temp/RtmpCg4pv5/preview-4
92821fe3418.dir/project-report_files/figure-latex/quoll-1.pdf  used on input li
ne 568.
(pdftex.def)             Requested size: 469.75386pt x 325.2142pt.
[13 <c:/Users/jimmy/AppData/Local/Temp/RtmpCg4pv5/preview-492821fe3418.dir/proj
ect-report_files/figure-latex/quokka-1.pdf>]

LaTeX Warning: Reference `fig:quokka' on page 14 undefined on input line 573.


LaTeX Warning: Reference `fig:quoll' on page 14 undefined on input line 574.


Underfull \hbox (badness 2376) in paragraph at lines 570--580
[]\T1/lmr/m/n/10 The two qual-i-ta-tive color palettes de-vel-oped for the proj
ect are called \T1/lmtt/m/n/10 quokka_palette() \T1/lmr/m/n/10 and
 []

<C:/Users/jimmy/AppData/Local/Temp/RtmpCg4pv5/preview-492821fe3418.dir/project-
report_files/figure-latex/seal-1.pdf, id=232, 469.755pt x 325.215pt>
File: C:/Users/jimmy/AppData/Local/Temp/RtmpCg4pv5/preview-492821fe3418.dir/pro
ject-report_files/figure-latex/seal-1.pdf Graphic file (type pdf)
<use C:/Users/jimmy/AppData/Local/Temp/RtmpCg4pv5/preview-492821fe3418.dir/proj
ect-report_files/figure-latex/seal-1.pdf>
Package pdftex.def Info: C:/Users/jimmy/AppData/Local/Temp/RtmpCg4pv5/preview-4
92821fe3418.dir/project-report_files/figure-latex/seal-1.pdf  used on input lin
e 589.
(pdftex.def)             Requested size: 469.75386pt x 325.2142pt.
[14 <c:/Users/jimmy/AppData/Local/Temp/RtmpCg4pv5/preview-492821fe3418.dir/proj
ect-report_files/figure-latex/quoll-1.pdf>]
<C:/Users/jimmy/AppData/Local/Temp/RtmpCg4pv5/preview-492821fe3418.dir/project-
report_files/figure-latex/snake-1.pdf, id=244, 469.755pt x 325.215pt>
File: C:/Users/jimmy/AppData/Local/Temp/RtmpCg4pv5/preview-492821fe3418.dir/pro
ject-report_files/figure-latex/snake-1.pdf Graphic file (type pdf)
<use C:/Users/jimmy/AppData/Local/Temp/RtmpCg4pv5/preview-492821fe3418.dir/proj
ect-report_files/figure-latex/snake-1.pdf>
Package pdftex.def Info: C:/Users/jimmy/AppData/Local/Temp/RtmpCg4pv5/preview-4
92821fe3418.dir/project-report_files/figure-latex/snake-1.pdf  used on input li
ne 591.
(pdftex.def)             Requested size: 469.75386pt x 325.2142pt.
[15 <c:/Users/jimmy/AppData/Local/Temp/RtmpCg4pv5/preview-492821fe3418.dir/proj
ect-report_files/figure-latex/seal-1.pdf>]

LaTeX Warning: Reference `fig:seal' on page 16 undefined on input line 597.


LaTeX Warning: Reference `fig:snake' on page 16 undefined on input line 598.

<C:/Users/jimmy/AppData/Local/Temp/RtmpCg4pv5/preview-492821fe3418.dir/project-
report_files/figure-latex/dingo-1.pdf, id=255, 469.755pt x 325.215pt>
File: C:/Users/jimmy/AppData/Local/Temp/RtmpCg4pv5/preview-492821fe3418.dir/pro
ject-report_files/figure-latex/dingo-1.pdf Graphic file (type pdf)
<use C:/Users/jimmy/AppData/Local/Temp/RtmpCg4pv5/preview-492821fe3418.dir/proj
ect-report_files/figure-latex/dingo-1.pdf>
Package pdftex.def Info: C:/Users/jimmy/AppData/Local/Temp/RtmpCg4pv5/preview-4
92821fe3418.dir/project-report_files/figure-latex/dingo-1.pdf  used on input li
ne 610.
(pdftex.def)             Requested size: 469.75386pt x 325.2142pt.
[16 <c:/Users/jimmy/AppData/Local/Temp/RtmpCg4pv5/preview-492821fe3418.dir/proj
ect-report_files/figure-latex/snake-1.pdf>]
<C:/Users/jimmy/AppData/Local/Temp/RtmpCg4pv5/preview-492821fe3418.dir/project-
report_files/figure-latex/dolphin-1.pdf, id=268, 469.755pt x 325.215pt>
File: C:/Users/jimmy/AppData/Local/Temp/RtmpCg4pv5/preview-492821fe3418.dir/pro
ject-report_files/figure-latex/dolphin-1.pdf Graphic file (type pdf)
<use C:/Users/jimmy/AppData/Local/Temp/RtmpCg4pv5/preview-492821fe3418.dir/proj
ect-report_files/figure-latex/dolphin-1.pdf>
Package pdftex.def Info: C:/Users/jimmy/AppData/Local/Temp/RtmpCg4pv5/preview-4
92821fe3418.dir/project-report_files/figure-latex/dolphin-1.pdf  used on input 
line 612.
(pdftex.def)             Requested size: 469.75386pt x 325.2142pt.
[17 <c:/Users/jimmy/AppData/Local/Temp/RtmpCg4pv5/preview-492821fe3418.dir/proj
ect-report_files/figure-latex/dingo-1.pdf>]

LaTeX Warning: Reference `fig:dingo' on page 18 undefined on input line 615.


LaTeX Warning: Reference `fig:dolphin' on page 18 undefined on input line 615.

[18 <c:/Users/jimmy/AppData/Local/Temp/RtmpCg4pv5/preview-492821fe3418.dir/proj
ect-report_files/figure-latex/dolphin-1.pdf>] [19] (./project-report.aux)

LaTeX Warning: There were undefined references.

Package rerunfilecheck Info: File `project-report.out' has not changed.
(rerunfilecheck)             Checksum: A3CA26836787B6592168368D9C125C3E;2278.
 ) 
Here is how much of TeX's memory you used:
 10948 strings out of 480559
 168906 string characters out of 5901780
 465764 words of memory out of 5000000
 28264 multiletter control sequences out of 15000+600000
 459635 words of font info for 70 fonts, out of 8000000 for 9000
 14 hyphenation exceptions out of 8191
 60i,6n,66p,403b,353s stack positions out of 5000i,500n,10000p,200000b,80000s
{c:/Users/jimmy/AppData/Roaming/TinyTeX/texmf-dist/fonts/enc/dvips/lm/lm-rm.e
nc}{c:/Users/jimmy/AppData/Roaming/TinyTeX/texmf-dist/fonts/enc/dvips/lm/lm-ec.
enc}{c:/Users/jimmy/AppData/Roaming/TinyTeX/texmf-dist/fonts/enc/dvips/lm/lm-ts
1.enc}<c:/Users/jimmy/AppData/Roaming/TinyTeX/texmf-dist/fonts/type1/public/lm/
lmbx10.pfb><c:/Users/jimmy/AppData/Roaming/TinyTeX/texmf-dist/fonts/type1/publi
c/lm/lmbx12.pfb><c:/Users/jimmy/AppData/Roaming/TinyTeX/texmf-dist/fonts/type1/
public/lm/lmr10.pfb><c:/Users/jimmy/AppData/Roaming/TinyTeX/texmf-dist/fonts/ty
pe1/public/lm/lmr12.pfb><c:/Users/jimmy/AppData/Roaming/TinyTeX/texmf-dist/font
s/type1/public/lm/lmr17.pfb><c:/Users/jimmy/AppData/Roaming/TinyTeX/texmf-dist/
fonts/type1/public/lm/lmri10.pfb><c:/Users/jimmy/AppData/Roaming/TinyTeX/texmf-
dist/fonts/type1/public/lm/lmtt10.pfb>
Output written on project-report.pdf (19 pages, 338716 bytes).
PDF statistics:
 384 PDF objects out of 1000 (max. 8388607)
 319 compressed objects within 4 object streams
 102 named destinations out of 1000 (max. 500000)
 181 words of extra memory for PDF output out of 10000 (max. 10000000)

